# JRE version: Java(TM) SE Runtime Environment (8.0_45-b15) (build 1.8.0_45-b15)
# Java VM: Java HotSpot(TM) 64-Bit Server VM (25.45-b02 mixed mode windows-amd64 compressed oops)
Heap:
 PSYoungGen      total 28672K, used 491K [0x000000076ab00000, 0x000000076e300000, 0x00000007c0000000)
  eden space 24576K, 1% used [0x000000076ab00000,0x000000076ab7ae10,0x000000076c300000)
  from space 4096K, 0% used [0x000000076c300000,0x000000076c300000,0x000000076c700000)
  to   space 4096K, 0% used [0x000000076df00000,0x000000076df00000,0x000000076e300000)
 ParOldGen       total 1863168K, used 1758343K [0x00000006c0000000, 0x0000000761680000, 0x000000076ab00000)
  object space 1863168K, 94% used [0x00000006c0000000,0x000000072b521c38,0x0000000731b80000)
 Metaspace       used 3164K, capacity 4564K, committed 4864K, reserved 1056768K
  class space    used 347K, capacity 388K, committed 512K, reserved 1048576K
GC Heap History (4 events):
Event: 62.705 GC heap before
{Heap before GC invocations=1 (full 0):
 PSYoungGen      total 28672K, used 2457K [0x000000076ab00000, 0x000000076cb00000, 0x00000007c0000000)
  eden space 24576K, 10% used [0x000000076ab00000,0x000000076ad66740,0x000000076c300000)
  from space 4096K, 0% used [0x000000076c700000,0x000000076c700000,0x000000076cb00000)
  to   space 4096K, 0% used [0x000000076c300000,0x000000076c300000,0x000000076c700000)
 ParOldGen       total 1922048K, used 1904297K [0x00000006c0000000, 0x0000000735500000, 0x000000076ab00000)
  object space 1922048K, 99% used [0x00000006c0000000,0x00000007343aa400,0x0000000735500000)
 Metaspace       used 3164K, capacity 4564K, committed 4864K, reserved 1056768K
  class space    used 347K, capacity 388K, committed 512K, reserved 1048576K
Event: 74.701 GC heap after
Heap after GC invocations=1 (full 0):
 PSYoungGen      total 28672K, used 752K [0x000000076ab00000, 0x000000076e300000, 0x00000007c0000000)
  eden space 24576K, 0% used [0x000000076ab00000,0x000000076ab00000,0x000000076c300000)
  from space 4096K, 18% used [0x000000076c300000,0x000000076c3bc010,0x000000076c700000)
  to   space 4096K, 0% used [0x000000076df00000,0x000000076df00000,0x000000076e300000)
 ParOldGen       total 1922048K, used 1904305K [0x00000006c0000000, 0x0000000735500000, 0x000000076ab00000)
  object space 1922048K, 99% used [0x00000006c0000000,0x00000007343ac400,0x0000000735500000)
 Metaspace       used 3164K, capacity 4564K, committed 4864K, reserved 1056768K
  class space    used 347K, capacity 388K, committed 512K, reserved 1048576K
}
Event: 75.397 GC heap before
{Heap before GC invocations=2 (full 1):
 PSYoungGen      total 28672K, used 752K [0x000000076ab00000, 0x000000076e300000, 0x00000007c0000000)
  eden space 24576K, 0% used [0x000000076ab00000,0x000000076ab00000,0x000000076c300000)
  from space 4096K, 18% used [0x000000076c300000,0x000000076c3bc010,0x000000076c700000)
  to   space 4096K, 0% used [0x000000076df00000,0x000000076df00000,0x000000076e300000)
 ParOldGen       total 1922048K, used 1904305K [0x00000006c0000000, 0x0000000735500000, 0x000000076ab00000)
  object space 1922048K, 99% used [0x00000006c0000000,0x00000007343ac400,0x0000000735500000)
 Metaspace       used 3164K, capacity 4564K, committed 4864K, reserved 1056768K
  class space    used 347K, capacity 388K, committed 512K, reserved 1048576K
Event: 80.738 GC heap after
Heap after GC invocations=2 (full 1):
 PSYoungGen      total 28672K, used 0K [0x000000076ab00000, 0x000000076e300000, 0x00000007c0000000)
  eden space 24576K, 0% used [0x000000076ab00000,0x000000076ab00000,0x000000076c300000)
  from space 4096K, 0% used [0x000000076c300000,0x000000076c300000,0x000000076c700000)
  to   space 4096K, 0% used [0x000000076df00000,0x000000076df00000,0x000000076e300000)
 ParOldGen       total 104960K, used 530K [0x00000006c0000000, 0x00000006c6680000, 0x000000076ab00000)
  object space 104960K, 0% used [0x00000006c0000000,0x00000006c0084a08,0x00000006c6680000)
 Metaspace       used 3164K, capacity 4564K, committed 4864K, reserved 1056768K
  class space    used 347K, capacity 388K, committed 512K, reserved 1048576K
}

